
[Epoch 1] Method: LNN
TRAIN | Acc: 0.9387 | F1: 0.9381 | P: 0.9384 | R: 0.9381 | Loss: 0.1979
TEST  | Acc: 0.9751 | F1: 0.9749 | P: 0.9761 | R: 0.9745
------------------------------------------------------------

[Epoch 2] Method: LNN
TRAIN | Acc: 0.9793 | F1: 0.9792 | P: 0.9792 | R: 0.9792 | Loss: 0.0674
TEST  | Acc: 0.9766 | F1: 0.9767 | P: 0.9773 | R: 0.9767
------------------------------------------------------------

[Epoch 3] Method: LNN
TRAIN | Acc: 0.9834 | F1: 0.9833 | P: 0.9833 | R: 0.9833 | Loss: 0.0523
TEST  | Acc: 0.9865 | F1: 0.9863 | P: 0.9865 | R: 0.9863
------------------------------------------------------------

[Epoch 4] Method: LNN
TRAIN | Acc: 0.9878 | F1: 0.9877 | P: 0.9877 | R: 0.9877 | Loss: 0.0375
TEST  | Acc: 0.9891 | F1: 0.9891 | P: 0.9891 | R: 0.9892
------------------------------------------------------------

[Epoch 5] Method: LNN
TRAIN | Acc: 0.9909 | F1: 0.9909 | P: 0.9909 | R: 0.9909 | Loss: 0.0286
TEST  | Acc: 0.9869 | F1: 0.9868 | P: 0.9869 | R: 0.9869
------------------------------------------------------------

[Epoch 6] Method: LNN
TRAIN | Acc: 0.9930 | F1: 0.9930 | P: 0.9930 | R: 0.9930 | Loss: 0.0215
TEST  | Acc: 0.9873 | F1: 0.9872 | P: 0.9873 | R: 0.9873
------------------------------------------------------------

[Epoch 7] Method: LNN
TRAIN | Acc: 0.9962 | F1: 0.9962 | P: 0.9962 | R: 0.9962 | Loss: 0.0118
TEST  | Acc: 0.9924 | F1: 0.9923 | P: 0.9924 | R: 0.9923
------------------------------------------------------------

[Epoch 8] Method: LNN
TRAIN | Acc: 0.9984 | F1: 0.9984 | P: 0.9984 | R: 0.9984 | Loss: 0.0055
TEST  | Acc: 0.9931 | F1: 0.9931 | P: 0.9931 | R: 0.9931
------------------------------------------------------------

[Epoch 9] Method: LNN
TRAIN | Acc: 0.9994 | F1: 0.9994 | P: 0.9994 | R: 0.9994 | Loss: 0.0030
TEST  | Acc: 0.9936 | F1: 0.9935 | P: 0.9936 | R: 0.9935
------------------------------------------------------------

[Epoch 10] Method: LNN
TRAIN | Acc: 0.9997 | F1: 0.9997 | P: 0.9997 | R: 0.9997 | Loss: 0.0018
TEST  | Acc: 0.9938 | F1: 0.9938 | P: 0.9938 | R: 0.9937
------------------------------------------------------------
Analysis logs saved to predictions_nmnist_lnn.txt
