Downloading http://yann.lecun.com/exdb/mnist/train-images-idx3-ubyte.gz
Failed to download (trying next):
HTTP Error 404: Not Found

Downloading https://ossci-datasets.s3.amazonaws.com/mnist/train-images-idx3-ubyte.gz
Downloading https://ossci-datasets.s3.amazonaws.com/mnist/train-images-idx3-ubyte.gz to ./data/mnist/MNIST/raw/train-images-idx3-ubyte.gz
Extracting ./data/mnist/MNIST/raw/train-images-idx3-ubyte.gz to ./data/mnist/MNIST/raw

Downloading http://yann.lecun.com/exdb/mnist/train-labels-idx1-ubyte.gz
Failed to download (trying next):
HTTP Error 404: Not Found

Downloading https://ossci-datasets.s3.amazonaws.com/mnist/train-labels-idx1-ubyte.gz
Downloading https://ossci-datasets.s3.amazonaws.com/mnist/train-labels-idx1-ubyte.gz to ./data/mnist/MNIST/raw/train-labels-idx1-ubyte.gz
Extracting ./data/mnist/MNIST/raw/train-labels-idx1-ubyte.gz to ./data/mnist/MNIST/raw

Downloading http://yann.lecun.com/exdb/mnist/t10k-images-idx3-ubyte.gz
Failed to download (trying next):
HTTP Error 404: Not Found

Downloading https://ossci-datasets.s3.amazonaws.com/mnist/t10k-images-idx3-ubyte.gz
Downloading https://ossci-datasets.s3.amazonaws.com/mnist/t10k-images-idx3-ubyte.gz to ./data/mnist/MNIST/raw/t10k-images-idx3-ubyte.gz
Extracting ./data/mnist/MNIST/raw/t10k-images-idx3-ubyte.gz to ./data/mnist/MNIST/raw

Downloading http://yann.lecun.com/exdb/mnist/t10k-labels-idx1-ubyte.gz
Failed to download (trying next):
HTTP Error 404: Not Found

Downloading https://ossci-datasets.s3.amazonaws.com/mnist/t10k-labels-idx1-ubyte.gz
Downloading https://ossci-datasets.s3.amazonaws.com/mnist/t10k-labels-idx1-ubyte.gz to ./data/mnist/MNIST/raw/t10k-labels-idx1-ubyte.gz
Extracting ./data/mnist/MNIST/raw/t10k-labels-idx1-ubyte.gz to ./data/mnist/MNIST/raw

--- Starting LNN on Standard MNIST ---
Data directory: ./data/mnist

[Epoch 1] Loss: 0.1586 | Acc: 0.9850
--------------------------------------------------

[Epoch 2] Loss: 0.0418 | Acc: 0.9845
--------------------------------------------------

[Epoch 3] Loss: 0.0265 | Acc: 0.9901
--------------------------------------------------

[Epoch 4] Loss: 0.0185 | Acc: 0.9872
--------------------------------------------------

[Epoch 5] Loss: 0.0177 | Acc: 0.9882
--------------------------------------------------

[Epoch 6] Loss: 0.0111 | Acc: 0.9896
--------------------------------------------------

[Epoch 7] Loss: 0.0109 | Acc: 0.9889
--------------------------------------------------

[Epoch 8] Loss: 0.0094 | Acc: 0.9910
--------------------------------------------------

[Epoch 9] Loss: 0.0104 | Acc: 0.9907
--------------------------------------------------

[Epoch 10] Loss: 0.0089 | Acc: 0.9888
--------------------------------------------------

[Epoch 11] Loss: 0.0070 | Acc: 0.9890
--------------------------------------------------

[Epoch 12] Loss: 0.0088 | Acc: 0.9907
--------------------------------------------------

[Epoch 13] Loss: 0.0047 | Acc: 0.9911
--------------------------------------------------

[Epoch 14] Loss: 0.0048 | Acc: 0.9915
--------------------------------------------------

[Epoch 15] Loss: 0.0050 | Acc: 0.9898
--------------------------------------------------

[Epoch 16] Loss: 0.0065 | Acc: 0.9880
--------------------------------------------------

[Epoch 17] Loss: 0.0074 | Acc: 0.9905
--------------------------------------------------

[Epoch 18] Loss: 0.0046 | Acc: 0.9906
--------------------------------------------------

[Epoch 19] Loss: 0.0050 | Acc: 0.9897
--------------------------------------------------

[Epoch 20] Loss: 0.0041 | Acc: 0.9902
--------------------------------------------------

[Epoch 21] Loss: 0.0072 | Acc: 0.9911
--------------------------------------------------

[Epoch 22] Loss: 0.0033 | Acc: 0.9895
--------------------------------------------------

[Epoch 23] Loss: 0.0030 | Acc: 0.9904
--------------------------------------------------

[Epoch 24] Loss: 0.0024 | Acc: 0.9911
--------------------------------------------------

[Epoch 25] Loss: 0.0042 | Acc: 0.9903
--------------------------------------------------

[Epoch 26] Loss: 0.0061 | Acc: 0.9896
--------------------------------------------------

[Epoch 27] Loss: 0.0037 | Acc: 0.9900
--------------------------------------------------

[Epoch 28] Loss: 0.0017 | Acc: 0.9918
--------------------------------------------------

[Epoch 29] Loss: 0.0025 | Acc: 0.9907
--------------------------------------------------

[Epoch 30] Loss: 0.0047 | Acc: 0.9907
--------------------------------------------------
Results saved to predictions_mnist_lnn.txt
