--- Starting LSTM on Standard MNIST ---
Data directory: ./data/mnist

[Epoch 1] Loss: 0.2342 | Acc: 0.9849
--------------------------------------------------

[Epoch 2] Loss: 0.0422 | Acc: 0.9883
--------------------------------------------------

[Epoch 3] Loss: 0.0245 | Acc: 0.9880
--------------------------------------------------

[Epoch 4] Loss: 0.0182 | Acc: 0.9908
--------------------------------------------------

[Epoch 5] Loss: 0.0116 | Acc: 0.9854
--------------------------------------------------

[Epoch 6] Loss: 0.0090 | Acc: 0.9894
--------------------------------------------------

[Epoch 7] Loss: 0.0097 | Acc: 0.9907
--------------------------------------------------

[Epoch 8] Loss: 0.0063 | Acc: 0.9917
--------------------------------------------------

[Epoch 9] Loss: 0.0046 | Acc: 0.9907
--------------------------------------------------

[Epoch 10] Loss: 0.0043 | Acc: 0.9904
--------------------------------------------------

[Epoch 11] Loss: 0.0061 | Acc: 0.9906
--------------------------------------------------

[Epoch 12] Loss: 0.0068 | Acc: 0.9874
--------------------------------------------------

[Epoch 13] Loss: 0.0050 | Acc: 0.9922
--------------------------------------------------

[Epoch 14] Loss: 0.0022 | Acc: 0.9914
--------------------------------------------------

[Epoch 15] Loss: 0.0018 | Acc: 0.9909
--------------------------------------------------

[Epoch 16] Loss: 0.0062 | Acc: 0.9915
--------------------------------------------------

[Epoch 17] Loss: 0.0033 | Acc: 0.9911
--------------------------------------------------

[Epoch 18] Loss: 0.0016 | Acc: 0.9920
--------------------------------------------------

[Epoch 19] Loss: 0.0027 | Acc: 0.9871
--------------------------------------------------

[Epoch 20] Loss: 0.0041 | Acc: 0.9906
--------------------------------------------------

[Epoch 21] Loss: 0.0008 | Acc: 0.9927
--------------------------------------------------

[Epoch 22] Loss: 0.0021 | Acc: 0.9896
--------------------------------------------------

[Epoch 23] Loss: 0.0034 | Acc: 0.9917
--------------------------------------------------

[Epoch 24] Loss: 0.0032 | Acc: 0.9918
--------------------------------------------------

[Epoch 25] Loss: 0.0016 | Acc: 0.9921
--------------------------------------------------

[Epoch 26] Loss: 0.0013 | Acc: 0.9908
--------------------------------------------------

[Epoch 27] Loss: 0.0040 | Acc: 0.9901
--------------------------------------------------

[Epoch 28] Loss: 0.0022 | Acc: 0.9917
--------------------------------------------------

[Epoch 29] Loss: 0.0005 | Acc: 0.9928
--------------------------------------------------

[Epoch 30] Loss: 0.0001 | Acc: 0.9927
--------------------------------------------------
Results saved to predictions_mnist_lstm.txt
