
[Epoch 1] Method: LSTM
TRAIN | Acc: 0.9279 | F1: 0.9271 | P: 0.9275 | R: 0.9270 | Loss: 0.2446
TEST  | Acc: 0.9681 | F1: 0.9679 | P: 0.9682 | R: 0.9683
------------------------------------------------------------

[Epoch 2] Method: LSTM
TRAIN | Acc: 0.9735 | F1: 0.9733 | P: 0.9733 | R: 0.9733 | Loss: 0.0895
TEST  | Acc: 0.9700 | F1: 0.9698 | P: 0.9711 | R: 0.9697
------------------------------------------------------------

[Epoch 3] Method: LSTM
TRAIN | Acc: 0.9798 | F1: 0.9797 | P: 0.9797 | R: 0.9797 | Loss: 0.0678
TEST  | Acc: 0.9811 | F1: 0.9809 | P: 0.9810 | R: 0.9810
------------------------------------------------------------

[Epoch 4] Method: LSTM
TRAIN | Acc: 0.9850 | F1: 0.9849 | P: 0.9850 | R: 0.9849 | Loss: 0.0501
TEST  | Acc: 0.9832 | F1: 0.9830 | P: 0.9833 | R: 0.9829
------------------------------------------------------------

[Epoch 5] Method: LSTM
TRAIN | Acc: 0.9895 | F1: 0.9894 | P: 0.9894 | R: 0.9894 | Loss: 0.0342
TEST  | Acc: 0.9867 | F1: 0.9866 | P: 0.9867 | R: 0.9866
------------------------------------------------------------

[Epoch 6] Method: LSTM
TRAIN | Acc: 0.9926 | F1: 0.9926 | P: 0.9926 | R: 0.9926 | Loss: 0.0253
TEST  | Acc: 0.9871 | F1: 0.9870 | P: 0.9871 | R: 0.9869
------------------------------------------------------------

[Epoch 7] Method: LSTM
TRAIN | Acc: 0.9951 | F1: 0.9950 | P: 0.9950 | R: 0.9950 | Loss: 0.0161
TEST  | Acc: 0.9908 | F1: 0.9907 | P: 0.9908 | R: 0.9906
------------------------------------------------------------

[Epoch 8] Method: LSTM
TRAIN | Acc: 0.9979 | F1: 0.9979 | P: 0.9979 | R: 0.9978 | Loss: 0.0079
TEST  | Acc: 0.9905 | F1: 0.9904 | P: 0.9904 | R: 0.9905
------------------------------------------------------------

[Epoch 9] Method: LSTM
TRAIN | Acc: 0.9992 | F1: 0.9992 | P: 0.9992 | R: 0.9992 | Loss: 0.0037
TEST  | Acc: 0.9913 | F1: 0.9912 | P: 0.9912 | R: 0.9912
------------------------------------------------------------

[Epoch 10] Method: LSTM
TRAIN | Acc: 0.9996 | F1: 0.9996 | P: 0.9996 | R: 0.9996 | Loss: 0.0023
TEST  | Acc: 0.9913 | F1: 0.9912 | P: 0.9912 | R: 0.9912
------------------------------------------------------------
Analysis logs saved to predictions_nmnist_lstm.txt
