(pytorch_py3.10) ye@lst-hpc3090:~/exp/lnn$ ./run_stress_tests.sh
Running: nmnist with lstm
/home/ye/miniforge3/envs/pytorch_py3.10/lib/python3.10/site-packages/torch/cuda/__init__.py:129: UserWarning: CUDA initialization: Unexpected error from cudaGetDeviceCount(). Did you run some cuda functions before calling NumCudaDevices() that might have already set an error? Error 804: forward compatibility was attempted on non supported HW (Triggered internally at /opt/conda/conda-bld/pytorch_1729647382455/work/c10/cuda/CUDAFunctions.cpp:108.)
  return torch._C._cuda_getDeviceCount() > 0
Epoch 1: 100%|███████████████████████████████████████████████████████████████████████████████████████| 469/469 [11:41<00:00,  1.50s/it]
Epoch 2: 100%|███████████████████████████████████████████████████████████████████████████████████████| 469/469 [11:44<00:00,  1.50s/it]
Epoch 3: 100%|███████████████████████████████████████████████████████████████████████████████████████| 469/469 [11:43<00:00,  1.50s/it]
Epoch 4: 100%|███████████████████████████████████████████████████████████████████████████████████████| 469/469 [11:42<00:00,  1.50s/it]
Epoch 5: 100%|███████████████████████████████████████████████████████████████████████████████████████| 469/469 [11:50<00:00,  1.51s/it]
Epoch 6: 100%|███████████████████████████████████████████████████████████████████████████████████████| 469/469 [11:51<00:00,  1.52s/it]
Epoch 7: 100%|███████████████████████████████████████████████████████████████████████████████████████| 469/469 [11:48<00:00,  1.51s/it]
Epoch 8: 100%|███████████████████████████████████████████████████████████████████████████████████████| 469/469 [11:46<00:00,  1.51s/it]
Epoch 9: 100%|███████████████████████████████████████████████████████████████████████████████████████| 469/469 [11:45<00:00,  1.51s/it]
Epoch 10: 100%|██████████████████████████████████████████████████████████████████████████████████████| 469/469 [11:47<00:00,  1.51s/it]
Epoch 11: 100%|██████████████████████████████████████████████████████████████████████████████████████| 469/469 [11:46<00:00,  1.51s/it]
Epoch 12: 100%|██████████████████████████████████████████████████████████████████████████████████████| 469/469 [11:45<00:00,  1.51s/it]
Epoch 13: 100%|██████████████████████████████████████████████████████████████████████████████████████| 469/469 [11:45<00:00,  1.50s/it]
Epoch 14: 100%|██████████████████████████████████████████████████████████████████████████████████████| 469/469 [11:47<00:00,  1.51s/it]
Epoch 15: 100%|██████████████████████████████████████████████████████████████████████████████████████| 469/469 [11:47<00:00,  1.51s/it]
Epoch 16: 100%|██████████████████████████████████████████████████████████████████████████████████████| 469/469 [11:46<00:00,  1.51s/it]
Epoch 17:   2%|█▊                                                                                     | 10/469 [00:15<11:29,  1.50s/it]
Epoch 17: 100%|██████████████████████████████████████████████████████████████████████████████████████| 469/469 [11:46<00:00,  1.51s/it]
Epoch 18: 100%|██████████████████████████████████████████████████████████████████████████████████████| 469/469 [11:48<00:00,  1.51s/it]
Epoch 19: 100%|██████████████████████████████████████████████████████████████████████████████████████| 469/469 [11:46<00:00,  1.51s/it]
Epoch 20: 100%|██████████████████████████████████████████████████████████████████████████████████████| 469/469 [11:46<00:00,  1.51s/it]
Epoch 21: 100%|██████████████████████████████████████████████████████████████████████████████████████| 469/469 [11:46<00:00,  1.51s/it]
Epoch 22: 100%|██████████████████████████████████████████████████████████████████████████████████████| 469/469 [11:48<00:00,  1.51s/it]
Epoch 23: 100%|██████████████████████████████████████████████████████████████████████████████████████| 469/469 [11:46<00:00,  1.51s/it]
Epoch 24: 100%|██████████████████████████████████████████████████████████████████████████████████████| 469/469 [11:46<00:00,  1.51s/it]
Epoch 25: 100%|██████████████████████████████████████████████████████████████████████████████████████| 469/469 [11:47<00:00,  1.51s/it]
Epoch 26: 100%|██████████████████████████████████████████████████████████████████████████████████████| 469/469 [11:48<00:00,  1.51s/it]
Epoch 27: 100%|██████████████████████████████████████████████████████████████████████████████████████| 469/469 [11:46<00:00,  1.51s/it]
Epoch 28: 100%|██████████████████████████████████████████████████████████████████████████████████████| 469/469 [11:47<00:00,  1.51s/it]
Epoch 29: 100%|██████████████████████████████████████████████████████████████████████████████████████| 469/469 [11:47<00:00,  1.51s/it]
Epoch 30: 100%|██████████████████████████████████████████████████████████████████████████████████████| 469/469 [11:49<00:00,  1.51s/it]

real    360m48.003s
user    581m16.435s
sys     133m49.942s
Running: nmnist with lnn
/home/ye/miniforge3/envs/pytorch_py3.10/lib/python3.10/site-packages/torch/cuda/__init__.py:129: UserWarning: CUDA initialization: Unexpected error from cudaGetDeviceCount(). Did you run some cuda functions before calling NumCudaDevices() that might have already set an error? Error 804: forward compatibility was attempted on non supported HW (Triggered internally at /opt/conda/conda-bld/pytorch_1729647382455/work/c10/cuda/CUDAFunctions.cpp:108.)
  return torch._C._cuda_getDeviceCount() > 0
Epoch 1: 100%|███████████████████████████████████████████████████████████████████████████████████████| 469/469 [11:48<00:00,  1.51s/it]
Epoch 2: 100%|███████████████████████████████████████████████████████████████████████████████████████| 469/469 [11:49<00:00,  1.51s/it]
Epoch 3: 100%|███████████████████████████████████████████████████████████████████████████████████████| 469/469 [11:50<00:00,  1.52s/it]
Epoch 4: 100%|███████████████████████████████████████████████████████████████████████████████████████| 469/469 [11:48<00:00,  1.51s/it]
Epoch 5: 100%|███████████████████████████████████████████████████████████████████████████████████████| 469/469 [11:48<00:00,  1.51s/it]
Epoch 6: 100%|███████████████████████████████████████████████████████████████████████████████████████| 469/469 [11:47<00:00,  1.51s/it]
Epoch 7: 100%|███████████████████████████████████████████████████████████████████████████████████████| 469/469 [11:50<00:00,  1.52s/it]
Epoch 8: 100%|███████████████████████████████████████████████████████████████████████████████████████| 469/469 [11:48<00:00,  1.51s/it]
Epoch 9: 100%|███████████████████████████████████████████████████████████████████████████████████████| 469/469 [11:48<00:00,  1.51s/it]
Epoch 10: 100%|██████████████████████████████████████████████████████████████████████████████████████| 469/469 [11:48<00:00,  1.51s/it]
Epoch 11: 100%|██████████████████████████████████████████████████████████████████████████████████████| 469/469 [11:49<00:00,  1.51s/it]
Epoch 12: 100%|██████████████████████████████████████████████████████████████████████████████████████| 469/469 [11:48<00:00,  1.51s/it]
Epoch 13: 100%|██████████████████████████████████████████████████████████████████████████████████████| 469/469 [11:48<00:00,  1.51s/it]
Epoch 14: 100%|██████████████████████████████████████████████████████████████████████████████████████| 469/469 [11:48<00:00,  1.51s/it]
Epoch 15: 100%|██████████████████████████████████████████████████████████████████████████████████████| 469/469 [11:49<00:00,  1.51s/it]
Epoch 16: 100%|██████████████████████████████████████████████████████████████████████████████████████| 469/469 [11:48<00:00,  1.51s/it]
Epoch 17: 100%|██████████████████████████████████████████████████████████████████████████████████████| 469/469 [11:47<00:00,  1.51s/it]
Epoch 18: 100%|██████████████████████████████████████████████████████████████████████████████████████| 469/469 [11:47<00:00,  1.51s/it]
Epoch 19: 100%|██████████████████████████████████████████████████████████████████████████████████████| 469/469 [11:49<00:00,  1.51s/it]
Epoch 20: 100%|██████████████████████████████████████████████████████████████████████████████████████| 469/469 [11:48<00:00,  1.51s/it]
Epoch 21: 100%|██████████████████████████████████████████████████████████████████████████████████████| 469/469 [11:47<00:00,  1.51s/it]
Epoch 22: 100%|██████████████████████████████████████████████████████████████████████████████████████| 469/469 [11:47<00:00,  1.51s/it]
Epoch 23: 100%|██████████████████████████████████████████████████████████████████████████████████████| 469/469 [11:49<00:00,  1.51s/it]
Epoch 24: 100%|██████████████████████████████████████████████████████████████████████████████████████| 469/469 [11:49<00:00,  1.51s/it]
Epoch 25: 100%|██████████████████████████████████████████████████████████████████████████████████████| 469/469 [11:47<00:00,  1.51s/it]
Epoch 26: 100%|██████████████████████████████████████████████████████████████████████████████████████| 469/469 [11:47<00:00,  1.51s/it]
Epoch 27: 100%|██████████████████████████████████████████████████████████████████████████████████████| 469/469 [11:48<00:00,  1.51s/it]
Epoch 28: 100%|██████████████████████████████████████████████████████████████████████████████████████| 469/469 [11:47<00:00,  1.51s/it]
Epoch 29: 100%|██████████████████████████████████████████████████████████████████████████████████████| 469/469 [11:47<00:00,  1.51s/it]
Epoch 30: 100%|██████████████████████████████████████████████████████████████████████████████████████| 469/469 [11:49<00:00,  1.51s/it]


real    361m44.178s
user    553m10.660s
sys     133m52.376s
Running: quickdraw with lstm
/home/ye/miniforge3/envs/pytorch_py3.10/lib/python3.10/site-packages/torch/cuda/__init__.py:129: UserWarning: CUDA initialization: Unexpected error from cudaGetDeviceCount(). Did you run some cuda functions before calling NumCudaDevices() that might have already set an error? Error 804: forward compatibility was attempted on non supported HW (Triggered internally at /opt/conda/conda-bld/pytorch_1729647382455/work/c10/cuda/CUDAFunctions.cpp:108.)
  return torch._C._cuda_getDeviceCount() > 0
Epoch 1: 100%|███████████████████████████████████████████████████████████████████████████████████████| 333/333 [01:12<00:00,  4.57it/s]
Epoch 2: 100%|███████████████████████████████████████████████████████████████████████████████████████| 333/333 [01:13<00:00,  4.56it/s]
Epoch 3: 100%|███████████████████████████████████████████████████████████████████████████████████████| 333/333 [01:13<00:00,  4.55it/s]
Epoch 4: 100%|███████████████████████████████████████████████████████████████████████████████████████| 333/333 [01:12<00:00,  4.56it/s]
Epoch 5: 100%|███████████████████████████████████████████████████████████████████████████████████████| 333/333 [01:12<00:00,  4.58it/s]
Epoch 6: 100%|███████████████████████████████████████████████████████████████████████████████████████| 333/333 [01:12<00:00,  4.57it/s]
Epoch 7: 100%|███████████████████████████████████████████████████████████████████████████████████████| 333/333 [01:13<00:00,  4.53it/s]
Epoch 8: 100%|███████████████████████████████████████████████████████████████████████████████████████| 333/333 [01:13<00:00,  4.53it/s]
Epoch 9: 100%|███████████████████████████████████████████████████████████████████████████████████████| 333/333 [01:13<00:00,  4.53it/s]
Epoch 10: 100%|██████████████████████████████████████████████████████████████████████████████████████| 333/333 [01:12<00:00,  4.57it/s]
Epoch 11: 100%|██████████████████████████████████████████████████████████████████████████████████████| 333/333 [01:12<00:00,  4.57it/s]
Epoch 12: 100%|██████████████████████████████████████████████████████████████████████████████████████| 333/333 [01:13<00:00,  4.54it/s]
Epoch 13: 100%|██████████████████████████████████████████████████████████████████████████████████████| 333/333 [01:13<00:00,  4.54it/s]
Epoch 14: 100%|██████████████████████████████████████████████████████████████████████████████████████| 333/333 [01:13<00:00,  4.55it/s]
Epoch 15: 100%|██████████████████████████████████████████████████████████████████████████████████████| 333/333 [01:13<00:00,  4.54it/s]
Epoch 16: 100%|██████████████████████████████████████████████████████████████████████████████████████| 333/333 [01:13<00:00,  4.53it/s]
Epoch 17: 100%|██████████████████████████████████████████████████████████████████████████████████████| 333/333 [01:13<00:00,  4.55it/s]
Epoch 18: 100%|██████████████████████████████████████████████████████████████████████████████████████| 333/333 [01:13<00:00,  4.54it/s]
Epoch 19: 100%|██████████████████████████████████████████████████████████████████████████████████████| 333/333 [01:13<00:00,  4.55it/s]
Epoch 20: 100%|██████████████████████████████████████████████████████████████████████████████████████| 333/333 [01:13<00:00,  4.56it/s]
Epoch 21: 100%|██████████████████████████████████████████████████████████████████████████████████████| 333/333 [01:13<00:00,  4.56it/s]
Epoch 22: 100%|██████████████████████████████████████████████████████████████████████████████████████| 333/333 [01:13<00:00,  4.55it/s]
Epoch 23: 100%|██████████████████████████████████████████████████████████████████████████████████████| 333/333 [01:13<00:00,  4.54it/s]
Epoch 24: 100%|██████████████████████████████████████████████████████████████████████████████████████| 333/333 [01:13<00:00,  4.54it/s]
Epoch 25: 100%|██████████████████████████████████████████████████████████████████████████████████████| 333/333 [01:13<00:00,  4.55it/s]
Epoch 26: 100%|██████████████████████████████████████████████████████████████████████████████████████| 333/333 [01:13<00:00,  4.55it/s]
Epoch 27: 100%|██████████████████████████████████████████████████████████████████████████████████████| 333/333 [01:13<00:00,  4.54it/s]
Epoch 28: 100%|██████████████████████████████████████████████████████████████████████████████████████| 333/333 [01:13<00:00,  4.55it/s]
Epoch 29: 100%|██████████████████████████████████████████████████████████████████████████████████████| 333/333 [01:13<00:00,  4.55it/s]
Epoch 30: 100%|██████████████████████████████████████████████████████████████████████████████████████| 333/333 [01:13<00:00,  4.56it/s]

real    36m52.771s
user    289m34.134s
sys     50m11.353s
Running: quickdraw with lnn
/home/ye/miniforge3/envs/pytorch_py3.10/lib/python3.10/site-packages/torch/cuda/__init__.py:129: UserWarning: CUDA initialization: Unexpected error from cudaGetDeviceCount(). Did you run some cuda functions before calling NumCudaDevices() that might have already set an error? Error 804: forward compatibility was attempted on non supported HW (Triggered internally at /opt/conda/conda-bld/pytorch_1729647382455/work/c10/cuda/CUDAFunctions.cpp:108.)
  return torch._C._cuda_getDeviceCount() > 0
Epoch 1: 100%|███████████████████████████████████████████████████████████████████████████████████████| 333/333 [01:05<00:00,  5.11it/s]
Epoch 2: 100%|███████████████████████████████████████████████████████████████████████████████████████| 333/333 [01:05<00:00,  5.11it/s]
Epoch 3: 100%|███████████████████████████████████████████████████████████████████████████████████████| 333/333 [01:05<00:00,  5.10it/s]
Epoch 4: 100%|███████████████████████████████████████████████████████████████████████████████████████| 333/333 [01:05<00:00,  5.09it/s]
Epoch 5: 100%|███████████████████████████████████████████████████████████████████████████████████████| 333/333 [01:05<00:00,  5.10it/s]
Epoch 6: 100%|███████████████████████████████████████████████████████████████████████████████████████| 333/333 [01:04<00:00,  5.14it/s]
Epoch 7: 100%|███████████████████████████████████████████████████████████████████████████████████████| 333/333 [01:04<00:00,  5.14it/s]
Epoch 8: 100%|███████████████████████████████████████████████████████████████████████████████████████| 333/333 [01:04<00:00,  5.14it/s]
Epoch 9: 100%|███████████████████████████████████████████████████████████████████████████████████████| 333/333 [01:05<00:00,  5.11it/s]
Epoch 10: 100%|██████████████████████████████████████████████████████████████████████████████████████| 333/333 [01:04<00:00,  5.15it/s]
Epoch 11: 100%|██████████████████████████████████████████████████████████████████████████████████████| 333/333 [01:05<00:00,  5.09it/s]
Epoch 12: 100%|██████████████████████████████████████████████████████████████████████████████████████| 333/333 [01:04<00:00,  5.12it/s]
Epoch 13: 100%|██████████████████████████████████████████████████████████████████████████████████████| 333/333 [01:04<00:00,  5.14it/s]
Epoch 14: 100%|██████████████████████████████████████████████████████████████████████████████████████| 333/333 [01:04<00:00,  5.13it/s]
Epoch 15: 100%|██████████████████████████████████████████████████████████████████████████████████████| 333/333 [01:04<00:00,  5.14it/s]
Epoch 16: 100%|██████████████████████████████████████████████████████████████████████████████████████| 333/333 [01:04<00:00,  5.15it/s]
Epoch 17: 100%|██████████████████████████████████████████████████████████████████████████████████████| 333/333 [01:04<00:00,  5.13it/s]
Epoch 18: 100%|██████████████████████████████████████████████████████████████████████████████████████| 333/333 [01:04<00:00,  5.16it/s]
Epoch 19: 100%|██████████████████████████████████████████████████████████████████████████████████████| 333/333 [01:04<00:00,  5.12it/s]
Epoch 20: 100%|██████████████████████████████████████████████████████████████████████████████████████| 333/333 [01:04<00:00,  5.15it/s]
Epoch 21: 100%|██████████████████████████████████████████████████████████████████████████████████████| 333/333 [01:04<00:00,  5.13it/s]
Epoch 22: 100%|██████████████████████████████████████████████████████████████████████████████████████| 333/333 [01:04<00:00,  5.13it/s]
Epoch 23: 100%|██████████████████████████████████████████████████████████████████████████████████████| 333/333 [01:04<00:00,  5.16it/s]
Epoch 24: 100%|██████████████████████████████████████████████████████████████████████████████████████| 333/333 [01:04<00:00,  5.16it/s]
Epoch 25: 100%|██████████████████████████████████████████████████████████████████████████████████████| 333/333 [01:04<00:00,  5.12it/s]
Epoch 26: 100%|██████████████████████████████████████████████████████████████████████████████████████| 333/333 [01:04<00:00,  5.14it/s]
Epoch 27: 100%|██████████████████████████████████████████████████████████████████████████████████████| 333/333 [01:04<00:00,  5.13it/s]
Epoch 28: 100%|██████████████████████████████████████████████████████████████████████████████████████| 333/333 [01:04<00:00,  5.15it/s]
Epoch 29: 100%|██████████████████████████████████████████████████████████████████████████████████████| 333/333 [01:04<00:00,  5.14it/s]
Epoch 30: 100%|██████████████████████████████████████████████████████████████████████████████████████| 333/333 [01:04<00:00,  5.16it/s]

real    32m41.129s
user    149m50.927s
sys     21m44.820s
Stress test complete.
(pytorch_py3.10) ye@lst-hpc3090:~/exp/lnn$

