
[Epoch 1] Method: LSTM
TRAIN | Acc: 0.3733 | F1: 0.3527 | P: 0.3577 | R: 0.3696 | Loss: 1.6851
TEST  | Acc: 0.6078 | F1: 0.5916 | P: 0.6012 | R: 0.6030 | Loss: 1.0984
LR: 0.001000
--------------------------------------------------

[Epoch 2] Method: LSTM
TRAIN | Acc: 0.7551 | F1: 0.7506 | P: 0.7518 | R: 0.7513 | Loss: 0.7331
TEST  | Acc: 0.8280 | F1: 0.8249 | P: 0.8415 | R: 0.8251 | Loss: 0.5011
LR: 0.001000
--------------------------------------------------

[Epoch 3] Method: LSTM
TRAIN | Acc: 0.8818 | F1: 0.8797 | P: 0.8800 | R: 0.8797 | Loss: 0.3693
TEST  | Acc: 0.9063 | F1: 0.9054 | P: 0.9080 | R: 0.9051 | Loss: 0.2859
LR: 0.001000
--------------------------------------------------

[Epoch 4] Method: LSTM
TRAIN | Acc: 0.9223 | F1: 0.9210 | P: 0.9210 | R: 0.9209 | Loss: 0.2507
TEST  | Acc: 0.9313 | F1: 0.9304 | P: 0.9320 | R: 0.9304 | Loss: 0.2216
LR: 0.001000
--------------------------------------------------

[Epoch 5] Method: LSTM
TRAIN | Acc: 0.9411 | F1: 0.9400 | P: 0.9401 | R: 0.9400 | Loss: 0.1830
TEST  | Acc: 0.9453 | F1: 0.9444 | P: 0.9445 | R: 0.9445 | Loss: 0.1699
LR: 0.001000
--------------------------------------------------

[Epoch 6] Method: LSTM
TRAIN | Acc: 0.9525 | F1: 0.9516 | P: 0.9516 | R: 0.9516 | Loss: 0.1492
TEST  | Acc: 0.9529 | F1: 0.9521 | P: 0.9522 | R: 0.9521 | Loss: 0.1493
LR: 0.001000
--------------------------------------------------

[Epoch 7] Method: LSTM
TRAIN | Acc: 0.9626 | F1: 0.9619 | P: 0.9619 | R: 0.9619 | Loss: 0.1200
TEST  | Acc: 0.9535 | F1: 0.9529 | P: 0.9538 | R: 0.9532 | Loss: 0.1481
LR: 0.001000
--------------------------------------------------

[Epoch 8] Method: LSTM
TRAIN | Acc: 0.9686 | F1: 0.9679 | P: 0.9679 | R: 0.9679 | Loss: 0.0997
TEST  | Acc: 0.9572 | F1: 0.9566 | P: 0.9570 | R: 0.9568 | Loss: 0.1422
LR: 0.001000
--------------------------------------------------

[Epoch 9] Method: LSTM
TRAIN | Acc: 0.9727 | F1: 0.9721 | P: 0.9721 | R: 0.9721 | Loss: 0.0852
TEST  | Acc: 0.9600 | F1: 0.9591 | P: 0.9601 | R: 0.9591 | Loss: 0.1342
LR: 0.001000
--------------------------------------------------

[Epoch 10] Method: LSTM
TRAIN | Acc: 0.9789 | F1: 0.9785 | P: 0.9785 | R: 0.9785 | Loss: 0.0681
TEST  | Acc: 0.9566 | F1: 0.9559 | P: 0.9566 | R: 0.9560 | Loss: 0.1492
LR: 0.001000
--------------------------------------------------

[Epoch 11] Method: LSTM
TRAIN | Acc: 0.9835 | F1: 0.9832 | P: 0.9832 | R: 0.9832 | Loss: 0.0542
TEST  | Acc: 0.9596 | F1: 0.9590 | P: 0.9593 | R: 0.9589 | Loss: 0.1478
LR: 0.001000
--------------------------------------------------

[Epoch 12] Method: LSTM
TRAIN | Acc: 0.9849 | F1: 0.9845 | P: 0.9846 | R: 0.9845 | Loss: 0.0492
TEST  | Acc: 0.9605 | F1: 0.9597 | P: 0.9600 | R: 0.9598 | Loss: 0.1457
LR: 0.001000
--------------------------------------------------

[Epoch 13] Method: LSTM
TRAIN | Acc: 0.9863 | F1: 0.9860 | P: 0.9860 | R: 0.9860 | Loss: 0.0415
TEST  | Acc: 0.9645 | F1: 0.9640 | P: 0.9642 | R: 0.9640 | Loss: 0.1430
LR: 0.001000
--------------------------------------------------

[Epoch 14] Method: LSTM
TRAIN | Acc: 0.9879 | F1: 0.9876 | P: 0.9876 | R: 0.9876 | Loss: 0.0375
TEST  | Acc: 0.9606 | F1: 0.9601 | P: 0.9605 | R: 0.9603 | Loss: 0.1545
LR: 0.001000
--------------------------------------------------

[Epoch 15] Method: LSTM
TRAIN | Acc: 0.9892 | F1: 0.9889 | P: 0.9889 | R: 0.9889 | Loss: 0.0331
TEST  | Acc: 0.9616 | F1: 0.9609 | P: 0.9614 | R: 0.9610 | Loss: 0.1556
LR: 0.001000
--------------------------------------------------

[Epoch 16] Method: LSTM
TRAIN | Acc: 0.9901 | F1: 0.9899 | P: 0.9899 | R: 0.9899 | Loss: 0.0309
TEST  | Acc: 0.9672 | F1: 0.9666 | P: 0.9668 | R: 0.9667 | Loss: 0.1440
LR: 0.001000
--------------------------------------------------

[Epoch 17] Method: LSTM
TRAIN | Acc: 0.9901 | F1: 0.9899 | P: 0.9899 | R: 0.9899 | Loss: 0.0292
TEST  | Acc: 0.9625 | F1: 0.9617 | P: 0.9620 | R: 0.9616 | Loss: 0.1502
LR: 0.001000
--------------------------------------------------

[Epoch 18] Method: LSTM
TRAIN | Acc: 0.9906 | F1: 0.9904 | P: 0.9904 | R: 0.9905 | Loss: 0.0291
TEST  | Acc: 0.9636 | F1: 0.9630 | P: 0.9636 | R: 0.9630 | Loss: 0.1573
LR: 0.001000
--------------------------------------------------

[Epoch 19] Method: LSTM
TRAIN | Acc: 0.9931 | F1: 0.9930 | P: 0.9930 | R: 0.9930 | Loss: 0.0208
TEST  | Acc: 0.9648 | F1: 0.9641 | P: 0.9643 | R: 0.9640 | Loss: 0.1503
LR: 0.001000
--------------------------------------------------

[Epoch 20] Method: LSTM
TRAIN | Acc: 0.9928 | F1: 0.9926 | P: 0.9926 | R: 0.9926 | Loss: 0.0229
TEST  | Acc: 0.9608 | F1: 0.9599 | P: 0.9602 | R: 0.9599 | Loss: 0.1699
LR: 0.000500
--------------------------------------------------

[Epoch 21] Method: LSTM
TRAIN | Acc: 0.9974 | F1: 0.9973 | P: 0.9974 | R: 0.9973 | Loss: 0.0084
TEST  | Acc: 0.9671 | F1: 0.9665 | P: 0.9665 | R: 0.9666 | Loss: 0.1636
LR: 0.000500
--------------------------------------------------

[Epoch 22] Method: LSTM
TRAIN | Acc: 0.9990 | F1: 0.9990 | P: 0.9990 | R: 0.9990 | Loss: 0.0035
TEST  | Acc: 0.9682 | F1: 0.9675 | P: 0.9676 | R: 0.9676 | Loss: 0.1681
LR: 0.000500
--------------------------------------------------

[Epoch 23] Method: LSTM
TRAIN | Acc: 0.9996 | F1: 0.9996 | P: 0.9996 | R: 0.9996 | Loss: 0.0017
TEST  | Acc: 0.9705 | F1: 0.9699 | P: 0.9700 | R: 0.9698 | Loss: 0.1694
LR: 0.000500
--------------------------------------------------

[Epoch 24] Method: LSTM
TRAIN | Acc: 0.9998 | F1: 0.9998 | P: 0.9998 | R: 0.9998 | Loss: 0.0012
TEST  | Acc: 0.9695 | F1: 0.9689 | P: 0.9690 | R: 0.9690 | Loss: 0.1820
LR: 0.000500
--------------------------------------------------

[Epoch 25] Method: LSTM
TRAIN | Acc: 0.9998 | F1: 0.9998 | P: 0.9998 | R: 0.9998 | Loss: 0.0009
TEST  | Acc: 0.9705 | F1: 0.9700 | P: 0.9700 | R: 0.9700 | Loss: 0.1833
LR: 0.000500
--------------------------------------------------

[Epoch 26] Method: LSTM
TRAIN | Acc: 0.9982 | F1: 0.9982 | P: 0.9982 | R: 0.9982 | Loss: 0.0053
TEST  | Acc: 0.9662 | F1: 0.9654 | P: 0.9658 | R: 0.9653 | Loss: 0.1834
LR: 0.000500
--------------------------------------------------

[Epoch 27] Method: LSTM
TRAIN | Acc: 0.9966 | F1: 0.9965 | P: 0.9965 | R: 0.9965 | Loss: 0.0108
TEST  | Acc: 0.9653 | F1: 0.9647 | P: 0.9649 | R: 0.9646 | Loss: 0.1921
LR: 0.000250
--------------------------------------------------

[Epoch 28] Method: LSTM
TRAIN | Acc: 0.9992 | F1: 0.9992 | P: 0.9992 | R: 0.9992 | Loss: 0.0030
TEST  | Acc: 0.9689 | F1: 0.9683 | P: 0.9683 | R: 0.9683 | Loss: 0.1766
LR: 0.000250
--------------------------------------------------

[Epoch 29] Method: LSTM
TRAIN | Acc: 0.9999 | F1: 0.9999 | P: 0.9999 | R: 0.9999 | Loss: 0.0007
TEST  | Acc: 0.9698 | F1: 0.9692 | P: 0.9692 | R: 0.9692 | Loss: 0.1780
LR: 0.000250
--------------------------------------------------

[Epoch 30] Method: LSTM
TRAIN | Acc: 1.0000 | F1: 1.0000 | P: 1.0000 | R: 1.0000 | Loss: 0.0004
TEST  | Acc: 0.9701 | F1: 0.9695 | P: 0.9695 | R: 0.9695 | Loss: 0.1820
LR: 0.000250
--------------------------------------------------
