
[Epoch 1] Method: LNN
TRAIN | Acc: 0.3414 | F1: 0.3139 | P: 0.3196 | R: 0.3370 | Loss: 1.7727
TEST  | Acc: 0.4788 | F1: 0.4519 | P: 0.4794 | R: 0.4759 | Loss: 1.4194
LR: 0.001000
--------------------------------------------------

[Epoch 2] Method: LNN
TRAIN | Acc: 0.5728 | F1: 0.5571 | P: 0.5586 | R: 0.5671 | Loss: 1.1841
TEST  | Acc: 0.6368 | F1: 0.6170 | P: 0.6285 | R: 0.6278 | Loss: 1.0100
LR: 0.001000
--------------------------------------------------

[Epoch 3] Method: LNN
TRAIN | Acc: 0.7453 | F1: 0.7361 | P: 0.7365 | R: 0.7400 | Loss: 0.7351
TEST  | Acc: 0.8038 | F1: 0.7966 | P: 0.8061 | R: 0.7994 | Loss: 0.5708
LR: 0.001000
--------------------------------------------------

[Epoch 4] Method: LNN
TRAIN | Acc: 0.8377 | F1: 0.8343 | P: 0.8344 | R: 0.8347 | Loss: 0.5011
TEST  | Acc: 0.8665 | F1: 0.8651 | P: 0.8721 | R: 0.8647 | Loss: 0.4018
LR: 0.001000
--------------------------------------------------

[Epoch 5] Method: LNN
TRAIN | Acc: 0.8792 | F1: 0.8770 | P: 0.8772 | R: 0.8771 | Loss: 0.3653
TEST  | Acc: 0.8933 | F1: 0.8922 | P: 0.8948 | R: 0.8922 | Loss: 0.3225
LR: 0.001000
--------------------------------------------------

[Epoch 6] Method: LNN
TRAIN | Acc: 0.9063 | F1: 0.9047 | P: 0.9048 | R: 0.9047 | Loss: 0.2909
TEST  | Acc: 0.8841 | F1: 0.8840 | P: 0.8928 | R: 0.8829 | Loss: 0.3683
LR: 0.001000
--------------------------------------------------

[Epoch 7] Method: LNN
TRAIN | Acc: 0.9202 | F1: 0.9188 | P: 0.9189 | R: 0.9188 | Loss: 0.2485
TEST  | Acc: 0.9136 | F1: 0.9121 | P: 0.9143 | R: 0.9122 | Loss: 0.2710
LR: 0.001000
--------------------------------------------------

[Epoch 8] Method: LNN
TRAIN | Acc: 0.9323 | F1: 0.9312 | P: 0.9313 | R: 0.9312 | Loss: 0.2110
TEST  | Acc: 0.9181 | F1: 0.9165 | P: 0.9210 | R: 0.9161 | Loss: 0.2568
LR: 0.001000
--------------------------------------------------

[Epoch 9] Method: LNN
TRAIN | Acc: 0.9390 | F1: 0.9380 | P: 0.9380 | R: 0.9380 | Loss: 0.1897
TEST  | Acc: 0.9364 | F1: 0.9348 | P: 0.9355 | R: 0.9346 | Loss: 0.1992
LR: 0.001000
--------------------------------------------------

[Epoch 10] Method: LNN
TRAIN | Acc: 0.9449 | F1: 0.9440 | P: 0.9441 | R: 0.9440 | Loss: 0.1693
TEST  | Acc: 0.9364 | F1: 0.9353 | P: 0.9363 | R: 0.9351 | Loss: 0.2140
LR: 0.001000
--------------------------------------------------

[Epoch 11] Method: LNN
TRAIN | Acc: 0.9505 | F1: 0.9497 | P: 0.9497 | R: 0.9497 | Loss: 0.1562
TEST  | Acc: 0.9315 | F1: 0.9298 | P: 0.9323 | R: 0.9296 | Loss: 0.2151
LR: 0.001000
--------------------------------------------------

[Epoch 12] Method: LNN
TRAIN | Acc: 0.9525 | F1: 0.9517 | P: 0.9517 | R: 0.9517 | Loss: 0.1471
TEST  | Acc: 0.9317 | F1: 0.9302 | P: 0.9335 | R: 0.9298 | Loss: 0.2139
LR: 0.001000
--------------------------------------------------

[Epoch 13] Method: LNN
TRAIN | Acc: 0.9580 | F1: 0.9573 | P: 0.9573 | R: 0.9573 | Loss: 0.1307
TEST  | Acc: 0.9318 | F1: 0.9310 | P: 0.9341 | R: 0.9306 | Loss: 0.2440
LR: 0.000500
--------------------------------------------------

[Epoch 14] Method: LNN
TRAIN | Acc: 0.9700 | F1: 0.9695 | P: 0.9695 | R: 0.9695 | Loss: 0.0912
TEST  | Acc: 0.9556 | F1: 0.9546 | P: 0.9552 | R: 0.9545 | Loss: 0.1566
LR: 0.000500
--------------------------------------------------

[Epoch 15] Method: LNN
TRAIN | Acc: 0.9746 | F1: 0.9742 | P: 0.9742 | R: 0.9742 | Loss: 0.0780
TEST  | Acc: 0.9547 | F1: 0.9539 | P: 0.9544 | R: 0.9538 | Loss: 0.1673
LR: 0.000500
--------------------------------------------------

[Epoch 16] Method: LNN
TRAIN | Acc: 0.9787 | F1: 0.9783 | P: 0.9783 | R: 0.9783 | Loss: 0.0632
TEST  | Acc: 0.9527 | F1: 0.9519 | P: 0.9523 | R: 0.9519 | Loss: 0.1756
LR: 0.000500
--------------------------------------------------

[Epoch 17] Method: LNN
TRAIN | Acc: 0.9830 | F1: 0.9827 | P: 0.9827 | R: 0.9827 | Loss: 0.0544
TEST  | Acc: 0.9550 | F1: 0.9540 | P: 0.9542 | R: 0.9541 | Loss: 0.1651
LR: 0.000500
--------------------------------------------------

[Epoch 18] Method: LNN
TRAIN | Acc: 0.9836 | F1: 0.9833 | P: 0.9833 | R: 0.9833 | Loss: 0.0513
TEST  | Acc: 0.9557 | F1: 0.9546 | P: 0.9551 | R: 0.9544 | Loss: 0.1709
LR: 0.000500
--------------------------------------------------

[Epoch 19] Method: LNN
TRAIN | Acc: 0.9846 | F1: 0.9844 | P: 0.9844 | R: 0.9844 | Loss: 0.0465
TEST  | Acc: 0.9519 | F1: 0.9503 | P: 0.9518 | R: 0.9502 | Loss: 0.2027
LR: 0.000500
--------------------------------------------------

[Epoch 20] Method: LNN
TRAIN | Acc: 0.9857 | F1: 0.9855 | P: 0.9855 | R: 0.9854 | Loss: 0.0417
TEST  | Acc: 0.9529 | F1: 0.9520 | P: 0.9527 | R: 0.9519 | Loss: 0.1908
LR: 0.000500
--------------------------------------------------

[Epoch 21] Method: LNN
TRAIN | Acc: 0.9879 | F1: 0.9877 | P: 0.9877 | R: 0.9877 | Loss: 0.0372
TEST  | Acc: 0.9526 | F1: 0.9515 | P: 0.9526 | R: 0.9515 | Loss: 0.2049
LR: 0.000500
--------------------------------------------------

[Epoch 22] Method: LNN
TRAIN | Acc: 0.9884 | F1: 0.9882 | P: 0.9882 | R: 0.9882 | Loss: 0.0349
TEST  | Acc: 0.9563 | F1: 0.9555 | P: 0.9556 | R: 0.9555 | Loss: 0.2005
LR: 0.000500
--------------------------------------------------

[Epoch 23] Method: LNN
TRAIN | Acc: 0.9891 | F1: 0.9890 | P: 0.9890 | R: 0.9890 | Loss: 0.0337
TEST  | Acc: 0.9499 | F1: 0.9485 | P: 0.9493 | R: 0.9485 | Loss: 0.2285
LR: 0.000500
--------------------------------------------------

[Epoch 24] Method: LNN
TRAIN | Acc: 0.9887 | F1: 0.9885 | P: 0.9885 | R: 0.9885 | Loss: 0.0353
TEST  | Acc: 0.9482 | F1: 0.9475 | P: 0.9489 | R: 0.9476 | Loss: 0.2177
LR: 0.000500
--------------------------------------------------

[Epoch 25] Method: LNN
TRAIN | Acc: 0.9910 | F1: 0.9909 | P: 0.9909 | R: 0.9909 | Loss: 0.0260
TEST  | Acc: 0.9510 | F1: 0.9499 | P: 0.9511 | R: 0.9497 | Loss: 0.2268
LR: 0.000500
--------------------------------------------------

[Epoch 26] Method: LNN
TRAIN | Acc: 0.9902 | F1: 0.9901 | P: 0.9901 | R: 0.9901 | Loss: 0.0302
TEST  | Acc: 0.9552 | F1: 0.9543 | P: 0.9544 | R: 0.9543 | Loss: 0.2036
LR: 0.000250
--------------------------------------------------

[Epoch 27] Method: LNN
TRAIN | Acc: 0.9968 | F1: 0.9968 | P: 0.9968 | R: 0.9968 | Loss: 0.0112
TEST  | Acc: 0.9590 | F1: 0.9582 | P: 0.9583 | R: 0.9582 | Loss: 0.2022
LR: 0.000250
--------------------------------------------------

[Epoch 28] Method: LNN
TRAIN | Acc: 0.9978 | F1: 0.9977 | P: 0.9977 | R: 0.9977 | Loss: 0.0082
TEST  | Acc: 0.9579 | F1: 0.9570 | P: 0.9572 | R: 0.9568 | Loss: 0.2137
LR: 0.000250
--------------------------------------------------

[Epoch 29] Method: LNN
TRAIN | Acc: 0.9984 | F1: 0.9983 | P: 0.9983 | R: 0.9983 | Loss: 0.0064
TEST  | Acc: 0.9570 | F1: 0.9559 | P: 0.9564 | R: 0.9559 | Loss: 0.2294
LR: 0.000250
--------------------------------------------------

[Epoch 30] Method: LNN
TRAIN | Acc: 0.9978 | F1: 0.9977 | P: 0.9977 | R: 0.9978 | Loss: 0.0074
TEST  | Acc: 0.9577 | F1: 0.9569 | P: 0.9570 | R: 0.9568 | Loss: 0.2191
LR: 0.000250
--------------------------------------------------
